INFO [2022-01-13 14:07:00] $x
INFO [2022-01-13 14:07:00] astrangia_temperature_list
INFO [2022-01-13 14:07:00] 
INFO [2022-01-13 14:07:00] $filename
INFO [2022-01-13 14:07:00] NULL
INFO [2022-01-13 14:07:00] 
INFO [2022-01-13 14:07:00] $col
INFO [2022-01-13 14:07:00] [1] "transparent"
INFO [2022-01-13 14:07:00] 
INFO [2022-01-13 14:07:00] $fill
INFO [2022-01-13 14:07:00] c("#ea6227", "#68a2ff")
INFO [2022-01-13 14:07:00] 
INFO [2022-01-13 14:07:00] $alpha
INFO [2022-01-13 14:07:00] [1] 0.5
INFO [2022-01-13 14:07:00] 
INFO [2022-01-13 14:07:00] $cex
INFO [2022-01-13 14:07:00] [1] 2.5
INFO [2022-01-13 14:07:00] 
INFO [2022-01-13 14:07:00] $fontfamily
INFO [2022-01-13 14:07:00] [1] "sans"
INFO [2022-01-13 14:07:00] 
INFO [2022-01-13 14:07:00] $fontface
INFO [2022-01-13 14:07:00] [1] "bold"
INFO [2022-01-13 14:07:00] 
INFO [2022-01-13 14:07:00] $cat.default.pos
INFO [2022-01-13 14:07:00] [1] "text"
INFO [2022-01-13 14:07:00] 
INFO [2022-01-13 14:07:00] $cat.col
INFO [2022-01-13 14:07:00] [1] "black"
INFO [2022-01-13 14:07:00] 
INFO [2022-01-13 14:07:00] $cat.cex
INFO [2022-01-13 14:07:00] [1] 2.5
INFO [2022-01-13 14:07:00] 
INFO [2022-01-13 14:07:00] $cat.fontfamily
INFO [2022-01-13 14:07:00] [1] "sans"
INFO [2022-01-13 14:07:00] 
INFO [2022-01-13 14:07:00] $cat.dist
INFO [2022-01-13 14:07:00] c(0.08, 0.08)
INFO [2022-01-13 14:07:00] 
INFO [2022-01-13 14:07:00] $cat.pos
INFO [2022-01-13 14:07:00] [1] 1
INFO [2022-01-13 14:07:00] 
