INFO [2022-01-13 14:57:42] $x
INFO [2022-01-13 14:57:42] sym_species_control_comparison
INFO [2022-01-13 14:57:42] 
INFO [2022-01-13 14:57:42] $filename
INFO [2022-01-13 14:57:42] NULL
INFO [2022-01-13 14:57:42] 
INFO [2022-01-13 14:57:42] $col
INFO [2022-01-13 14:57:42] [1] "transparent"
INFO [2022-01-13 14:57:42] 
INFO [2022-01-13 14:57:42] $fill
INFO [2022-01-13 14:57:42] c("goldenrod1", "darkorchid1")
INFO [2022-01-13 14:57:42] 
INFO [2022-01-13 14:57:42] $alpha
INFO [2022-01-13 14:57:42] [1] 0.5
INFO [2022-01-13 14:57:42] 
INFO [2022-01-13 14:57:42] $cex
INFO [2022-01-13 14:57:42] [1] 2.5
INFO [2022-01-13 14:57:42] 
INFO [2022-01-13 14:57:42] $fontfamily
INFO [2022-01-13 14:57:42] [1] "sans"
INFO [2022-01-13 14:57:42] 
INFO [2022-01-13 14:57:42] $fontface
INFO [2022-01-13 14:57:42] [1] "bold"
INFO [2022-01-13 14:57:42] 
INFO [2022-01-13 14:57:42] $cat.default.pos
INFO [2022-01-13 14:57:42] [1] "text"
INFO [2022-01-13 14:57:42] 
INFO [2022-01-13 14:57:42] $cat.col
INFO [2022-01-13 14:57:42] [1] "black"
INFO [2022-01-13 14:57:42] 
INFO [2022-01-13 14:57:42] $cat.cex
INFO [2022-01-13 14:57:42] [1] 2.5
INFO [2022-01-13 14:57:42] 
INFO [2022-01-13 14:57:42] $cat.fontfamily
INFO [2022-01-13 14:57:42] [1] "sans"
INFO [2022-01-13 14:57:42] 
INFO [2022-01-13 14:57:42] $cat.dist
INFO [2022-01-13 14:57:42] c(0.08, 0.08)
INFO [2022-01-13 14:57:42] 
INFO [2022-01-13 14:57:42] $cat.pos
INFO [2022-01-13 14:57:42] [1] 1
INFO [2022-01-13 14:57:42] 
