INFO [2022-01-13 14:26:32] $x
INFO [2022-01-13 14:26:32] heat_species_comparison
INFO [2022-01-13 14:26:32] 
INFO [2022-01-13 14:26:32] $filename
INFO [2022-01-13 14:26:32] NULL
INFO [2022-01-13 14:26:32] 
INFO [2022-01-13 14:26:32] $col
INFO [2022-01-13 14:26:32] [1] "transparent"
INFO [2022-01-13 14:26:32] 
INFO [2022-01-13 14:26:32] $fill
INFO [2022-01-13 14:26:32] c("goldenrod1", "darkorchid1")
INFO [2022-01-13 14:26:32] 
INFO [2022-01-13 14:26:32] $alpha
INFO [2022-01-13 14:26:32] [1] 0.5
INFO [2022-01-13 14:26:32] 
INFO [2022-01-13 14:26:32] $cex
INFO [2022-01-13 14:26:32] [1] 2.5
INFO [2022-01-13 14:26:32] 
INFO [2022-01-13 14:26:32] $fontfamily
INFO [2022-01-13 14:26:32] [1] "sans"
INFO [2022-01-13 14:26:32] 
INFO [2022-01-13 14:26:32] $fontface
INFO [2022-01-13 14:26:32] [1] "bold"
INFO [2022-01-13 14:26:32] 
INFO [2022-01-13 14:26:32] $cat.default.pos
INFO [2022-01-13 14:26:32] [1] "text"
INFO [2022-01-13 14:26:32] 
INFO [2022-01-13 14:26:32] $cat.col
INFO [2022-01-13 14:26:32] [1] "black"
INFO [2022-01-13 14:26:32] 
INFO [2022-01-13 14:26:32] $cat.cex
INFO [2022-01-13 14:26:32] [1] 2.5
INFO [2022-01-13 14:26:32] 
INFO [2022-01-13 14:26:32] $cat.fontfamily
INFO [2022-01-13 14:26:32] [1] "sans"
INFO [2022-01-13 14:26:32] 
INFO [2022-01-13 14:26:32] $cat.dist
INFO [2022-01-13 14:26:32] c(0.08, 0.08)
INFO [2022-01-13 14:26:32] 
INFO [2022-01-13 14:26:32] $cat.pos
INFO [2022-01-13 14:26:32] [1] 1
INFO [2022-01-13 14:26:32] 
