INFO [2022-01-13 14:27:40] $x
INFO [2022-01-13 14:27:40] cold_species_comparison
INFO [2022-01-13 14:27:40] 
INFO [2022-01-13 14:27:40] $filename
INFO [2022-01-13 14:27:40] NULL
INFO [2022-01-13 14:27:40] 
INFO [2022-01-13 14:27:40] $col
INFO [2022-01-13 14:27:40] [1] "transparent"
INFO [2022-01-13 14:27:40] 
INFO [2022-01-13 14:27:40] $fill
INFO [2022-01-13 14:27:40] c("goldenrod1", "darkorchid1")
INFO [2022-01-13 14:27:40] 
INFO [2022-01-13 14:27:40] $alpha
INFO [2022-01-13 14:27:40] [1] 0.5
INFO [2022-01-13 14:27:40] 
INFO [2022-01-13 14:27:40] $cex
INFO [2022-01-13 14:27:40] [1] 2.5
INFO [2022-01-13 14:27:40] 
INFO [2022-01-13 14:27:40] $fontfamily
INFO [2022-01-13 14:27:40] [1] "sans"
INFO [2022-01-13 14:27:40] 
INFO [2022-01-13 14:27:40] $fontface
INFO [2022-01-13 14:27:40] [1] "bold"
INFO [2022-01-13 14:27:40] 
INFO [2022-01-13 14:27:40] $cat.default.pos
INFO [2022-01-13 14:27:40] [1] "text"
INFO [2022-01-13 14:27:40] 
INFO [2022-01-13 14:27:40] $cat.col
INFO [2022-01-13 14:27:40] [1] "black"
INFO [2022-01-13 14:27:40] 
INFO [2022-01-13 14:27:40] $cat.cex
INFO [2022-01-13 14:27:40] [1] 2.5
INFO [2022-01-13 14:27:40] 
INFO [2022-01-13 14:27:40] $cat.fontfamily
INFO [2022-01-13 14:27:40] [1] "sans"
INFO [2022-01-13 14:27:40] 
INFO [2022-01-13 14:27:40] $cat.dist
INFO [2022-01-13 14:27:40] c(0.08, 0.08)
INFO [2022-01-13 14:27:40] 
INFO [2022-01-13 14:27:40] $cat.pos
INFO [2022-01-13 14:27:40] [1] 1
INFO [2022-01-13 14:27:40] 
