INFO [2022-01-13 14:10:02] $x
INFO [2022-01-13 14:10:02] oculina_temperature_list
INFO [2022-01-13 14:10:02] 
INFO [2022-01-13 14:10:02] $filename
INFO [2022-01-13 14:10:02] NULL
INFO [2022-01-13 14:10:02] 
INFO [2022-01-13 14:10:02] $col
INFO [2022-01-13 14:10:02] [1] "transparent"
INFO [2022-01-13 14:10:02] 
INFO [2022-01-13 14:10:02] $fill
INFO [2022-01-13 14:10:02] c("#ea6227", "#68a2ff")
INFO [2022-01-13 14:10:02] 
INFO [2022-01-13 14:10:02] $alpha
INFO [2022-01-13 14:10:02] [1] 0.5
INFO [2022-01-13 14:10:02] 
INFO [2022-01-13 14:10:02] $cex
INFO [2022-01-13 14:10:02] [1] 2.5
INFO [2022-01-13 14:10:02] 
INFO [2022-01-13 14:10:02] $fontfamily
INFO [2022-01-13 14:10:02] [1] "sans"
INFO [2022-01-13 14:10:02] 
INFO [2022-01-13 14:10:02] $fontface
INFO [2022-01-13 14:10:02] [1] "bold"
INFO [2022-01-13 14:10:02] 
INFO [2022-01-13 14:10:02] $cat.default.pos
INFO [2022-01-13 14:10:02] [1] "text"
INFO [2022-01-13 14:10:02] 
INFO [2022-01-13 14:10:02] $cat.col
INFO [2022-01-13 14:10:02] [1] "black"
INFO [2022-01-13 14:10:02] 
INFO [2022-01-13 14:10:02] $cat.cex
INFO [2022-01-13 14:10:02] [1] 2.5
INFO [2022-01-13 14:10:02] 
INFO [2022-01-13 14:10:02] $cat.fontfamily
INFO [2022-01-13 14:10:02] [1] "sans"
INFO [2022-01-13 14:10:02] 
INFO [2022-01-13 14:10:02] $cat.dist
INFO [2022-01-13 14:10:02] c(0.08, 0.08)
INFO [2022-01-13 14:10:02] 
INFO [2022-01-13 14:10:02] $cat.pos
INFO [2022-01-13 14:10:02] [1] 1
INFO [2022-01-13 14:10:02] 
