INFO [2022-01-13 14:55:15] $x
INFO [2022-01-13 14:55:15] sym_species_comparison
INFO [2022-01-13 14:55:15] 
INFO [2022-01-13 14:55:15] $filename
INFO [2022-01-13 14:55:15] NULL
INFO [2022-01-13 14:55:15] 
INFO [2022-01-13 14:55:15] $col
INFO [2022-01-13 14:55:15] [1] "transparent"
INFO [2022-01-13 14:55:15] 
INFO [2022-01-13 14:55:15] $fill
INFO [2022-01-13 14:55:15] c("goldenrod1", "darkorchid1")
INFO [2022-01-13 14:55:15] 
INFO [2022-01-13 14:55:15] $alpha
INFO [2022-01-13 14:55:15] [1] 0.5
INFO [2022-01-13 14:55:15] 
INFO [2022-01-13 14:55:15] $cex
INFO [2022-01-13 14:55:15] [1] 2.5
INFO [2022-01-13 14:55:15] 
INFO [2022-01-13 14:55:15] $fontfamily
INFO [2022-01-13 14:55:15] [1] "sans"
INFO [2022-01-13 14:55:15] 
INFO [2022-01-13 14:55:15] $fontface
INFO [2022-01-13 14:55:15] [1] "bold"
INFO [2022-01-13 14:55:15] 
INFO [2022-01-13 14:55:15] $cat.default.pos
INFO [2022-01-13 14:55:15] [1] "text"
INFO [2022-01-13 14:55:15] 
INFO [2022-01-13 14:55:15] $cat.col
INFO [2022-01-13 14:55:15] [1] "black"
INFO [2022-01-13 14:55:15] 
INFO [2022-01-13 14:55:15] $cat.cex
INFO [2022-01-13 14:55:15] [1] 2.5
INFO [2022-01-13 14:55:15] 
INFO [2022-01-13 14:55:15] $cat.fontfamily
INFO [2022-01-13 14:55:15] [1] "sans"
INFO [2022-01-13 14:55:15] 
INFO [2022-01-13 14:55:15] $cat.dist
INFO [2022-01-13 14:55:15] c(0.08, 0.08)
INFO [2022-01-13 14:55:15] 
INFO [2022-01-13 14:55:15] $cat.pos
INFO [2022-01-13 14:55:15] [1] 1
INFO [2022-01-13 14:55:15] 
