INFO [2022-01-13 14:26:07] $x
INFO [2022-01-13 14:26:07] heat_species_comparison
INFO [2022-01-13 14:26:07] 
INFO [2022-01-13 14:26:07] $filename
INFO [2022-01-13 14:26:07] NULL
INFO [2022-01-13 14:26:07] 
INFO [2022-01-13 14:26:07] $col
INFO [2022-01-13 14:26:07] [1] "transparent"
INFO [2022-01-13 14:26:07] 
INFO [2022-01-13 14:26:07] $fill
INFO [2022-01-13 14:26:07] c("goldenrod1", "darkorchid1")
INFO [2022-01-13 14:26:07] 
INFO [2022-01-13 14:26:07] $alpha
INFO [2022-01-13 14:26:07] [1] 0.5
INFO [2022-01-13 14:26:07] 
INFO [2022-01-13 14:26:07] $cex
INFO [2022-01-13 14:26:07] [1] 2.5
INFO [2022-01-13 14:26:07] 
INFO [2022-01-13 14:26:07] $fontfamily
INFO [2022-01-13 14:26:07] [1] "sans"
INFO [2022-01-13 14:26:07] 
INFO [2022-01-13 14:26:07] $fontface
INFO [2022-01-13 14:26:07] [1] "bold"
INFO [2022-01-13 14:26:07] 
INFO [2022-01-13 14:26:07] $cat.default.pos
INFO [2022-01-13 14:26:07] [1] "text"
INFO [2022-01-13 14:26:07] 
INFO [2022-01-13 14:26:07] $cat.col
INFO [2022-01-13 14:26:07] [1] "black"
INFO [2022-01-13 14:26:07] 
INFO [2022-01-13 14:26:07] $cat.cex
INFO [2022-01-13 14:26:07] [1] 2.5
INFO [2022-01-13 14:26:07] 
INFO [2022-01-13 14:26:07] $cat.fontfamily
INFO [2022-01-13 14:26:07] [1] "sans"
INFO [2022-01-13 14:26:07] 
INFO [2022-01-13 14:26:07] $cat.dist
INFO [2022-01-13 14:26:07] c(0.08, 0.08)
INFO [2022-01-13 14:26:07] 
INFO [2022-01-13 14:26:07] $cat.pos
INFO [2022-01-13 14:26:07] [1] 1
INFO [2022-01-13 14:26:07] 
