INFO [2022-01-13 15:27:36] $x
INFO [2022-01-13 15:27:36] sym_species_cold_comparison
INFO [2022-01-13 15:27:36] 
INFO [2022-01-13 15:27:36] $filename
INFO [2022-01-13 15:27:36] NULL
INFO [2022-01-13 15:27:36] 
INFO [2022-01-13 15:27:36] $col
INFO [2022-01-13 15:27:36] [1] "transparent"
INFO [2022-01-13 15:27:36] 
INFO [2022-01-13 15:27:36] $fill
INFO [2022-01-13 15:27:36] c("goldenrod1", "darkorchid1")
INFO [2022-01-13 15:27:36] 
INFO [2022-01-13 15:27:36] $alpha
INFO [2022-01-13 15:27:36] [1] 0.5
INFO [2022-01-13 15:27:36] 
INFO [2022-01-13 15:27:36] $cex
INFO [2022-01-13 15:27:36] [1] 2.5
INFO [2022-01-13 15:27:36] 
INFO [2022-01-13 15:27:36] $fontfamily
INFO [2022-01-13 15:27:36] [1] "sans"
INFO [2022-01-13 15:27:36] 
INFO [2022-01-13 15:27:36] $fontface
INFO [2022-01-13 15:27:36] [1] "bold"
INFO [2022-01-13 15:27:36] 
INFO [2022-01-13 15:27:36] $cat.default.pos
INFO [2022-01-13 15:27:36] [1] "text"
INFO [2022-01-13 15:27:36] 
INFO [2022-01-13 15:27:36] $cat.col
INFO [2022-01-13 15:27:36] [1] "black"
INFO [2022-01-13 15:27:36] 
INFO [2022-01-13 15:27:36] $cat.cex
INFO [2022-01-13 15:27:36] [1] 2.5
INFO [2022-01-13 15:27:36] 
INFO [2022-01-13 15:27:36] $cat.fontfamily
INFO [2022-01-13 15:27:36] [1] "sans"
INFO [2022-01-13 15:27:36] 
INFO [2022-01-13 15:27:36] $cat.dist
INFO [2022-01-13 15:27:36] c(0.08, 0.08)
INFO [2022-01-13 15:27:36] 
INFO [2022-01-13 15:27:36] $cat.pos
INFO [2022-01-13 15:27:36] [1] 1
INFO [2022-01-13 15:27:36] 
