INFO [2022-01-13 14:25:34] $x
INFO [2022-01-13 14:25:34] heat_species_comparison
INFO [2022-01-13 14:25:34] 
INFO [2022-01-13 14:25:34] $filename
INFO [2022-01-13 14:25:34] NULL
INFO [2022-01-13 14:25:34] 
INFO [2022-01-13 14:25:34] $col
INFO [2022-01-13 14:25:34] [1] "transparent"
INFO [2022-01-13 14:25:34] 
INFO [2022-01-13 14:25:34] $fill
INFO [2022-01-13 14:25:34] c("goldenrod1", "darkorchid1")
INFO [2022-01-13 14:25:34] 
INFO [2022-01-13 14:25:34] $alpha
INFO [2022-01-13 14:25:34] [1] 0.5
INFO [2022-01-13 14:25:34] 
INFO [2022-01-13 14:25:34] $cex
INFO [2022-01-13 14:25:34] [1] 2.5
INFO [2022-01-13 14:25:34] 
INFO [2022-01-13 14:25:34] $fontfamily
INFO [2022-01-13 14:25:34] [1] "sans"
INFO [2022-01-13 14:25:34] 
INFO [2022-01-13 14:25:34] $fontface
INFO [2022-01-13 14:25:34] [1] "bold"
INFO [2022-01-13 14:25:34] 
INFO [2022-01-13 14:25:34] $cat.default.pos
INFO [2022-01-13 14:25:34] [1] "text"
INFO [2022-01-13 14:25:34] 
INFO [2022-01-13 14:25:34] $cat.col
INFO [2022-01-13 14:25:34] [1] "black"
INFO [2022-01-13 14:25:34] 
INFO [2022-01-13 14:25:34] $cat.cex
INFO [2022-01-13 14:25:34] [1] 2.5
INFO [2022-01-13 14:25:34] 
INFO [2022-01-13 14:25:34] $cat.fontfamily
INFO [2022-01-13 14:25:34] [1] "sans"
INFO [2022-01-13 14:25:34] 
INFO [2022-01-13 14:25:34] $cat.dist
INFO [2022-01-13 14:25:34] c(0.08, 0.08)
INFO [2022-01-13 14:25:34] 
INFO [2022-01-13 14:25:34] $cat.pos
INFO [2022-01-13 14:25:34] [1] 1
INFO [2022-01-13 14:25:34] 
