INFO [2022-12-02 10:02:45] $x
INFO [2022-12-02 10:02:45] all_shared
INFO [2022-12-02 10:02:45] 
INFO [2022-12-02 10:02:45] $filename
INFO [2022-12-02 10:02:45] NULL
INFO [2022-12-02 10:02:45] 
INFO [2022-12-02 10:02:45] $fill
INFO [2022-12-02 10:02:45] c("#68a2ff", "#ea6227")
INFO [2022-12-02 10:02:45] 
INFO [2022-12-02 10:02:45] $alpha
INFO [2022-12-02 10:02:45] [1] 0.5
INFO [2022-12-02 10:02:45] 
INFO [2022-12-02 10:02:45] $cex
INFO [2022-12-02 10:02:45] [1] 2.5
INFO [2022-12-02 10:02:45] 
INFO [2022-12-02 10:02:45] $fontfamily
INFO [2022-12-02 10:02:45] [1] "sans"
INFO [2022-12-02 10:02:45] 
INFO [2022-12-02 10:02:45] $fontface
INFO [2022-12-02 10:02:45] [1] "bold"
INFO [2022-12-02 10:02:45] 
INFO [2022-12-02 10:02:45] $cat.default.pos
INFO [2022-12-02 10:02:45] [1] "text"
INFO [2022-12-02 10:02:45] 
INFO [2022-12-02 10:02:45] $cat.col
INFO [2022-12-02 10:02:45] [1] "black"
INFO [2022-12-02 10:02:45] 
INFO [2022-12-02 10:02:45] $cat.cex
INFO [2022-12-02 10:02:45] [1] 2.5
INFO [2022-12-02 10:02:45] 
INFO [2022-12-02 10:02:45] $cat.fontfamily
INFO [2022-12-02 10:02:45] [1] "sans"
INFO [2022-12-02 10:02:45] 
INFO [2022-12-02 10:02:45] $cat.dist
INFO [2022-12-02 10:02:45] c(0.08, 0.08)
INFO [2022-12-02 10:02:45] 
INFO [2022-12-02 10:02:45] $cat.pos
INFO [2022-12-02 10:02:45] [1] 1
INFO [2022-12-02 10:02:45] 
