INFO [2022-12-02 10:04:17] $x
INFO [2022-12-02 10:04:17] all_shared
INFO [2022-12-02 10:04:17] 
INFO [2022-12-02 10:04:17] $filename
INFO [2022-12-02 10:04:17] NULL
INFO [2022-12-02 10:04:17] 
INFO [2022-12-02 10:04:17] $fill
INFO [2022-12-02 10:04:17] c("#fd8d3c", "#74c476")
INFO [2022-12-02 10:04:17] 
INFO [2022-12-02 10:04:17] $alpha
INFO [2022-12-02 10:04:17] [1] 0.5
INFO [2022-12-02 10:04:17] 
INFO [2022-12-02 10:04:17] $cex
INFO [2022-12-02 10:04:17] [1] 2.5
INFO [2022-12-02 10:04:17] 
INFO [2022-12-02 10:04:17] $fontfamily
INFO [2022-12-02 10:04:17] [1] "sans"
INFO [2022-12-02 10:04:17] 
INFO [2022-12-02 10:04:17] $fontface
INFO [2022-12-02 10:04:17] [1] "bold"
INFO [2022-12-02 10:04:17] 
INFO [2022-12-02 10:04:17] $cat.default.pos
INFO [2022-12-02 10:04:17] [1] "text"
INFO [2022-12-02 10:04:17] 
INFO [2022-12-02 10:04:17] $cat.col
INFO [2022-12-02 10:04:17] [1] "black"
INFO [2022-12-02 10:04:17] 
INFO [2022-12-02 10:04:17] $cat.cex
INFO [2022-12-02 10:04:17] [1] 2.5
INFO [2022-12-02 10:04:17] 
INFO [2022-12-02 10:04:17] $cat.fontfamily
INFO [2022-12-02 10:04:17] [1] "sans"
INFO [2022-12-02 10:04:17] 
INFO [2022-12-02 10:04:17] $cat.dist
INFO [2022-12-02 10:04:17] c(0.08, 0.08)
INFO [2022-12-02 10:04:17] 
INFO [2022-12-02 10:04:17] $cat.pos
INFO [2022-12-02 10:04:17] [1] 1
INFO [2022-12-02 10:04:17] 
