INFO [2022-12-02 15:37:41] $x
INFO [2022-12-02 15:37:41] all_shared.culture
INFO [2022-12-02 15:37:41] 
INFO [2022-12-02 15:37:41] $filename
INFO [2022-12-02 15:37:41] NULL
INFO [2022-12-02 15:37:41] 
INFO [2022-12-02 15:37:41] $col
INFO [2022-12-02 15:37:41] [1] "transparent"
INFO [2022-12-02 15:37:41] 
INFO [2022-12-02 15:37:41] $fill
INFO [2022-12-02 15:37:41] c("#ea6227", "#68a2ff")
INFO [2022-12-02 15:37:41] 
INFO [2022-12-02 15:37:41] $alpha
INFO [2022-12-02 15:37:41] [1] 0.5
INFO [2022-12-02 15:37:41] 
INFO [2022-12-02 15:37:41] $cex
INFO [2022-12-02 15:37:41] [1] 2.5
INFO [2022-12-02 15:37:41] 
INFO [2022-12-02 15:37:41] $fontfamily
INFO [2022-12-02 15:37:41] [1] "sans"
INFO [2022-12-02 15:37:41] 
INFO [2022-12-02 15:37:41] $fontface
INFO [2022-12-02 15:37:41] [1] "bold"
INFO [2022-12-02 15:37:41] 
INFO [2022-12-02 15:37:41] $cat.default.pos
INFO [2022-12-02 15:37:41] [1] "text"
INFO [2022-12-02 15:37:41] 
INFO [2022-12-02 15:37:41] $cat.col
INFO [2022-12-02 15:37:41] [1] "black"
INFO [2022-12-02 15:37:41] 
INFO [2022-12-02 15:37:41] $cat.cex
INFO [2022-12-02 15:37:41] [1] 2.5
INFO [2022-12-02 15:37:41] 
INFO [2022-12-02 15:37:41] $cat.fontfamily
INFO [2022-12-02 15:37:41] [1] "sans"
INFO [2022-12-02 15:37:41] 
INFO [2022-12-02 15:37:41] $cat.dist
INFO [2022-12-02 15:37:41] c(0.08, 0.08)
INFO [2022-12-02 15:37:41] 
INFO [2022-12-02 15:37:41] $cat.pos
INFO [2022-12-02 15:37:41] [1] 1
INFO [2022-12-02 15:37:41] 
