INFO [2022-12-02 15:41:33] $x
INFO [2022-12-02 15:41:33] all_shared.inhost
INFO [2022-12-02 15:41:33] 
INFO [2022-12-02 15:41:33] $filename
INFO [2022-12-02 15:41:33] NULL
INFO [2022-12-02 15:41:33] 
INFO [2022-12-02 15:41:33] $col
INFO [2022-12-02 15:41:33] [1] "transparent"
INFO [2022-12-02 15:41:33] 
INFO [2022-12-02 15:41:33] $fill
INFO [2022-12-02 15:41:33] c("#fd8d3c", "#74c476")
INFO [2022-12-02 15:41:33] 
INFO [2022-12-02 15:41:33] $cex
INFO [2022-12-02 15:41:33] [1] 2.5
INFO [2022-12-02 15:41:33] 
INFO [2022-12-02 15:41:33] $fontfamily
INFO [2022-12-02 15:41:33] [1] "sans"
INFO [2022-12-02 15:41:33] 
INFO [2022-12-02 15:41:33] $fontface
INFO [2022-12-02 15:41:33] [1] "bold"
INFO [2022-12-02 15:41:33] 
INFO [2022-12-02 15:41:33] $cat.default.pos
INFO [2022-12-02 15:41:33] [1] "text"
INFO [2022-12-02 15:41:33] 
INFO [2022-12-02 15:41:33] $cat.col
INFO [2022-12-02 15:41:33] [1] "black"
INFO [2022-12-02 15:41:33] 
INFO [2022-12-02 15:41:33] $cat.cex
INFO [2022-12-02 15:41:33] [1] 2.5
INFO [2022-12-02 15:41:33] 
INFO [2022-12-02 15:41:33] $cat.fontfamily
INFO [2022-12-02 15:41:33] [1] "sans"
INFO [2022-12-02 15:41:33] 
INFO [2022-12-02 15:41:33] $cat.dist
INFO [2022-12-02 15:41:33] c(0.08, 0.08)
INFO [2022-12-02 15:41:33] 
INFO [2022-12-02 15:41:33] $cat.pos
INFO [2022-12-02 15:41:33] [1] 1
INFO [2022-12-02 15:41:33] 
