INFO [2022-12-05 19:23:49] $x
INFO [2022-12-05 19:23:49] all_shared.white
INFO [2022-12-05 19:23:49] 
INFO [2022-12-05 19:23:49] $filename
INFO [2022-12-05 19:23:49] NULL
INFO [2022-12-05 19:23:49] 
INFO [2022-12-05 19:23:49] $col
INFO [2022-12-05 19:23:49] [1] "transparent"
INFO [2022-12-05 19:23:49] 
INFO [2022-12-05 19:23:49] $fill
INFO [2022-12-05 19:23:49] c("#ea6227", "#68a2ff")
INFO [2022-12-05 19:23:49] 
INFO [2022-12-05 19:23:49] $alpha
INFO [2022-12-05 19:23:49] [1] 0.5
INFO [2022-12-05 19:23:49] 
INFO [2022-12-05 19:23:49] $cex
INFO [2022-12-05 19:23:49] [1] 2.5
INFO [2022-12-05 19:23:49] 
INFO [2022-12-05 19:23:49] $fontfamily
INFO [2022-12-05 19:23:49] [1] "sans"
INFO [2022-12-05 19:23:49] 
INFO [2022-12-05 19:23:49] $fontface
INFO [2022-12-05 19:23:49] [1] "bold"
INFO [2022-12-05 19:23:49] 
INFO [2022-12-05 19:23:49] $cat.default.pos
INFO [2022-12-05 19:23:49] [1] "text"
INFO [2022-12-05 19:23:49] 
INFO [2022-12-05 19:23:49] $cat.col
INFO [2022-12-05 19:23:49] [1] "black"
INFO [2022-12-05 19:23:49] 
INFO [2022-12-05 19:23:49] $cat.cex
INFO [2022-12-05 19:23:49] [1] 2.5
INFO [2022-12-05 19:23:49] 
INFO [2022-12-05 19:23:49] $cat.fontfamily
INFO [2022-12-05 19:23:49] [1] "sans"
INFO [2022-12-05 19:23:49] 
INFO [2022-12-05 19:23:49] $cat.dist
INFO [2022-12-05 19:23:49] c(0.08, 0.08)
INFO [2022-12-05 19:23:49] 
INFO [2022-12-05 19:23:49] $cat.pos
INFO [2022-12-05 19:23:49] [1] 1
INFO [2022-12-05 19:23:49] 
