INFO [2022-12-02 15:01:11] $x
INFO [2022-12-02 15:01:11] all_shared.white
INFO [2022-12-02 15:01:11] 
INFO [2022-12-02 15:01:11] $filename
INFO [2022-12-02 15:01:11] NULL
INFO [2022-12-02 15:01:11] 
INFO [2022-12-02 15:01:11] $col
INFO [2022-12-02 15:01:11] [1] "transparent"
INFO [2022-12-02 15:01:11] 
INFO [2022-12-02 15:01:11] $fill
INFO [2022-12-02 15:01:11] c("#ea6227", "#68a2ff")
INFO [2022-12-02 15:01:11] 
INFO [2022-12-02 15:01:11] $alpha
INFO [2022-12-02 15:01:11] [1] 0.5
INFO [2022-12-02 15:01:11] 
INFO [2022-12-02 15:01:11] $cex
INFO [2022-12-02 15:01:11] [1] 2.5
INFO [2022-12-02 15:01:11] 
INFO [2022-12-02 15:01:11] $fontfamily
INFO [2022-12-02 15:01:11] [1] "sans"
INFO [2022-12-02 15:01:11] 
INFO [2022-12-02 15:01:11] $fontface
INFO [2022-12-02 15:01:11] [1] "bold"
INFO [2022-12-02 15:01:11] 
INFO [2022-12-02 15:01:11] $cat.default.pos
INFO [2022-12-02 15:01:11] [1] "text"
INFO [2022-12-02 15:01:11] 
INFO [2022-12-02 15:01:11] $cat.col
INFO [2022-12-02 15:01:11] [1] "black"
INFO [2022-12-02 15:01:11] 
INFO [2022-12-02 15:01:11] $cat.cex
INFO [2022-12-02 15:01:11] [1] 2.5
INFO [2022-12-02 15:01:11] 
INFO [2022-12-02 15:01:11] $cat.fontfamily
INFO [2022-12-02 15:01:11] [1] "sans"
INFO [2022-12-02 15:01:11] 
INFO [2022-12-02 15:01:11] $cat.dist
INFO [2022-12-02 15:01:11] c(0.08, 0.08)
INFO [2022-12-02 15:01:11] 
INFO [2022-12-02 15:01:11] $cat.pos
INFO [2022-12-02 15:01:11] [1] 1
INFO [2022-12-02 15:01:11] 
