INFO [2022-12-02 15:41:25] $x
INFO [2022-12-02 15:41:25] all_shared.inhost
INFO [2022-12-02 15:41:25] 
INFO [2022-12-02 15:41:25] $filename
INFO [2022-12-02 15:41:25] NULL
INFO [2022-12-02 15:41:25] 
INFO [2022-12-02 15:41:25] $col
INFO [2022-12-02 15:41:25] [1] "transparent"
INFO [2022-12-02 15:41:25] 
INFO [2022-12-02 15:41:25] $fill
INFO [2022-12-02 15:41:25] c("#fd8d3c", "#74c476")
INFO [2022-12-02 15:41:25] 
INFO [2022-12-02 15:41:25] $cex
INFO [2022-12-02 15:41:25] [1] 2.5
INFO [2022-12-02 15:41:25] 
INFO [2022-12-02 15:41:25] $fontfamily
INFO [2022-12-02 15:41:25] [1] "sans"
INFO [2022-12-02 15:41:25] 
INFO [2022-12-02 15:41:25] $fontface
INFO [2022-12-02 15:41:25] [1] "bold"
INFO [2022-12-02 15:41:25] 
INFO [2022-12-02 15:41:25] $cat.default.pos
INFO [2022-12-02 15:41:25] [1] "text"
INFO [2022-12-02 15:41:25] 
INFO [2022-12-02 15:41:25] $cat.col
INFO [2022-12-02 15:41:25] [1] "black"
INFO [2022-12-02 15:41:25] 
INFO [2022-12-02 15:41:25] $cat.cex
INFO [2022-12-02 15:41:25] [1] 2.5
INFO [2022-12-02 15:41:25] 
INFO [2022-12-02 15:41:25] $cat.fontfamily
INFO [2022-12-02 15:41:25] [1] "sans"
INFO [2022-12-02 15:41:25] 
INFO [2022-12-02 15:41:25] $cat.dist
INFO [2022-12-02 15:41:25] c(0.08, 0.08)
INFO [2022-12-02 15:41:25] 
INFO [2022-12-02 15:41:25] $cat.pos
INFO [2022-12-02 15:41:25] [1] 1
INFO [2022-12-02 15:41:25] 
