INFO [2022-12-06 13:14:16] $x
INFO [2022-12-06 13:14:16] all_brown_host_shared
INFO [2022-12-06 13:14:16] 
INFO [2022-12-06 13:14:16] $filename
INFO [2022-12-06 13:14:16] NULL
INFO [2022-12-06 13:14:16] 
INFO [2022-12-06 13:14:16] $fill
INFO [2022-12-06 13:14:16] c("#de2d26", "#3182bd")
INFO [2022-12-06 13:14:16] 
INFO [2022-12-06 13:14:16] $alpha
INFO [2022-12-06 13:14:16] [1] 0.5
INFO [2022-12-06 13:14:16] 
INFO [2022-12-06 13:14:16] $cex
INFO [2022-12-06 13:14:16] [1] 2.5
INFO [2022-12-06 13:14:16] 
INFO [2022-12-06 13:14:16] $fontfamily
INFO [2022-12-06 13:14:16] [1] "sans"
INFO [2022-12-06 13:14:16] 
INFO [2022-12-06 13:14:16] $fontface
INFO [2022-12-06 13:14:16] [1] "bold"
INFO [2022-12-06 13:14:16] 
INFO [2022-12-06 13:14:16] $cat.default.pos
INFO [2022-12-06 13:14:16] [1] "text"
INFO [2022-12-06 13:14:16] 
INFO [2022-12-06 13:14:16] $cat.col
INFO [2022-12-06 13:14:16] [1] "black"
INFO [2022-12-06 13:14:16] 
INFO [2022-12-06 13:14:16] $cat.cex
INFO [2022-12-06 13:14:16] [1] 2.5
INFO [2022-12-06 13:14:16] 
INFO [2022-12-06 13:14:16] $cat.fontfamily
INFO [2022-12-06 13:14:16] [1] "sans"
INFO [2022-12-06 13:14:16] 
INFO [2022-12-06 13:14:16] $cat.dist
INFO [2022-12-06 13:14:16] c(0.08, 0.08)
INFO [2022-12-06 13:14:16] 
INFO [2022-12-06 13:14:16] $cat.pos
INFO [2022-12-06 13:14:16] [1] 1
INFO [2022-12-06 13:14:16] 
