INFO [2022-12-05 19:21:18] $x
INFO [2022-12-05 19:21:18] all_shared.brown
INFO [2022-12-05 19:21:18] 
INFO [2022-12-05 19:21:18] $filename
INFO [2022-12-05 19:21:18] NULL
INFO [2022-12-05 19:21:18] 
INFO [2022-12-05 19:21:18] $col
INFO [2022-12-05 19:21:18] [1] "transparent"
INFO [2022-12-05 19:21:18] 
INFO [2022-12-05 19:21:18] $fill
INFO [2022-12-05 19:21:18] c("#ea6227", "#68a2ff")
INFO [2022-12-05 19:21:18] 
INFO [2022-12-05 19:21:18] $alpha
INFO [2022-12-05 19:21:18] [1] 0.5
INFO [2022-12-05 19:21:18] 
INFO [2022-12-05 19:21:18] $cex
INFO [2022-12-05 19:21:18] [1] 2.5
INFO [2022-12-05 19:21:18] 
INFO [2022-12-05 19:21:18] $fontfamily
INFO [2022-12-05 19:21:18] [1] "sans"
INFO [2022-12-05 19:21:18] 
INFO [2022-12-05 19:21:18] $fontface
INFO [2022-12-05 19:21:18] [1] "bold"
INFO [2022-12-05 19:21:18] 
INFO [2022-12-05 19:21:18] $cat.default.pos
INFO [2022-12-05 19:21:18] [1] "text"
INFO [2022-12-05 19:21:18] 
INFO [2022-12-05 19:21:18] $cat.col
INFO [2022-12-05 19:21:18] [1] "black"
INFO [2022-12-05 19:21:18] 
INFO [2022-12-05 19:21:18] $cat.cex
INFO [2022-12-05 19:21:18] [1] 2.5
INFO [2022-12-05 19:21:18] 
INFO [2022-12-05 19:21:18] $cat.fontfamily
INFO [2022-12-05 19:21:18] [1] "sans"
INFO [2022-12-05 19:21:18] 
INFO [2022-12-05 19:21:18] $cat.dist
INFO [2022-12-05 19:21:18] c(0.08, 0.08)
INFO [2022-12-05 19:21:18] 
INFO [2022-12-05 19:21:18] $cat.pos
INFO [2022-12-05 19:21:18] [1] 1
INFO [2022-12-05 19:21:18] 
