INFO [2022-12-06 13:15:19] $x
INFO [2022-12-06 13:15:19] all_white_host_shared
INFO [2022-12-06 13:15:19] 
INFO [2022-12-06 13:15:19] $filename
INFO [2022-12-06 13:15:19] NULL
INFO [2022-12-06 13:15:19] 
INFO [2022-12-06 13:15:19] $fill
INFO [2022-12-06 13:15:19] c("#de2d26", "#3182bd")
INFO [2022-12-06 13:15:19] 
INFO [2022-12-06 13:15:19] $alpha
INFO [2022-12-06 13:15:19] [1] 0.5
INFO [2022-12-06 13:15:19] 
INFO [2022-12-06 13:15:19] $cex
INFO [2022-12-06 13:15:19] [1] 2.5
INFO [2022-12-06 13:15:19] 
INFO [2022-12-06 13:15:19] $fontfamily
INFO [2022-12-06 13:15:19] [1] "sans"
INFO [2022-12-06 13:15:19] 
INFO [2022-12-06 13:15:19] $fontface
INFO [2022-12-06 13:15:19] [1] "bold"
INFO [2022-12-06 13:15:19] 
INFO [2022-12-06 13:15:19] $cat.default.pos
INFO [2022-12-06 13:15:19] [1] "text"
INFO [2022-12-06 13:15:19] 
INFO [2022-12-06 13:15:19] $cat.col
INFO [2022-12-06 13:15:19] [1] "black"
INFO [2022-12-06 13:15:19] 
INFO [2022-12-06 13:15:19] $cat.cex
INFO [2022-12-06 13:15:19] [1] 2.5
INFO [2022-12-06 13:15:19] 
INFO [2022-12-06 13:15:19] $cat.fontfamily
INFO [2022-12-06 13:15:19] [1] "sans"
INFO [2022-12-06 13:15:19] 
INFO [2022-12-06 13:15:19] $cat.dist
INFO [2022-12-06 13:15:19] c(0.08, 0.08)
INFO [2022-12-06 13:15:19] 
INFO [2022-12-06 13:15:19] $cat.pos
INFO [2022-12-06 13:15:19] [1] 1
INFO [2022-12-06 13:15:19] 
