INFO [2022-12-06 13:15:48] $x
INFO [2022-12-06 13:15:48] all_inhost_shared
INFO [2022-12-06 13:15:48] 
INFO [2022-12-06 13:15:48] $filename
INFO [2022-12-06 13:15:48] NULL
INFO [2022-12-06 13:15:48] 
INFO [2022-12-06 13:15:48] $fill
INFO [2022-12-06 13:15:48] c("#fd8d3c", "#74c476")
INFO [2022-12-06 13:15:48] 
INFO [2022-12-06 13:15:48] $alpha
INFO [2022-12-06 13:15:48] [1] 0.5
INFO [2022-12-06 13:15:48] 
INFO [2022-12-06 13:15:48] $cex
INFO [2022-12-06 13:15:48] [1] 2.5
INFO [2022-12-06 13:15:48] 
INFO [2022-12-06 13:15:48] $fontfamily
INFO [2022-12-06 13:15:48] [1] "sans"
INFO [2022-12-06 13:15:48] 
INFO [2022-12-06 13:15:48] $fontface
INFO [2022-12-06 13:15:48] [1] "bold"
INFO [2022-12-06 13:15:48] 
INFO [2022-12-06 13:15:48] $cat.default.pos
INFO [2022-12-06 13:15:48] [1] "text"
INFO [2022-12-06 13:15:48] 
INFO [2022-12-06 13:15:48] $cat.col
INFO [2022-12-06 13:15:48] [1] "black"
INFO [2022-12-06 13:15:48] 
INFO [2022-12-06 13:15:48] $cat.cex
INFO [2022-12-06 13:15:48] [1] 2.5
INFO [2022-12-06 13:15:48] 
INFO [2022-12-06 13:15:48] $cat.fontfamily
INFO [2022-12-06 13:15:48] [1] "sans"
INFO [2022-12-06 13:15:48] 
INFO [2022-12-06 13:15:48] $cat.dist
INFO [2022-12-06 13:15:48] c(0.08, 0.08)
INFO [2022-12-06 13:15:48] 
INFO [2022-12-06 13:15:48] $cat.pos
INFO [2022-12-06 13:15:48] [1] 1
INFO [2022-12-06 13:15:48] 
