INFO [2022-12-05 16:34:40] $x
INFO [2022-12-05 16:34:40] all_culture_shared
INFO [2022-12-05 16:34:40] 
INFO [2022-12-05 16:34:40] $filename
INFO [2022-12-05 16:34:40] NULL
INFO [2022-12-05 16:34:40] 
INFO [2022-12-05 16:34:40] $fill
INFO [2022-12-05 16:34:40] c("#fd8d3c", "#74c476")
INFO [2022-12-05 16:34:40] 
INFO [2022-12-05 16:34:40] $alpha
INFO [2022-12-05 16:34:40] [1] 0.5
INFO [2022-12-05 16:34:40] 
INFO [2022-12-05 16:34:40] $cex
INFO [2022-12-05 16:34:40] [1] 2.5
INFO [2022-12-05 16:34:40] 
INFO [2022-12-05 16:34:40] $fontfamily
INFO [2022-12-05 16:34:40] [1] "sans"
INFO [2022-12-05 16:34:40] 
INFO [2022-12-05 16:34:40] $fontface
INFO [2022-12-05 16:34:40] [1] "bold"
INFO [2022-12-05 16:34:40] 
INFO [2022-12-05 16:34:40] $cat.default.pos
INFO [2022-12-05 16:34:40] [1] "text"
INFO [2022-12-05 16:34:40] 
INFO [2022-12-05 16:34:40] $cat.col
INFO [2022-12-05 16:34:40] [1] "black"
INFO [2022-12-05 16:34:40] 
INFO [2022-12-05 16:34:40] $cat.cex
INFO [2022-12-05 16:34:40] [1] 2.5
INFO [2022-12-05 16:34:40] 
INFO [2022-12-05 16:34:40] $cat.fontfamily
INFO [2022-12-05 16:34:40] [1] "sans"
INFO [2022-12-05 16:34:40] 
INFO [2022-12-05 16:34:40] $cat.dist
INFO [2022-12-05 16:34:40] c(0.08, 0.08)
INFO [2022-12-05 16:34:40] 
INFO [2022-12-05 16:34:40] $cat.pos
INFO [2022-12-05 16:34:40] [1] 1
INFO [2022-12-05 16:34:40] 
