INFO [2022-12-05 16:32:34] $x
INFO [2022-12-05 16:32:34] all_inhost_shared
INFO [2022-12-05 16:32:34] 
INFO [2022-12-05 16:32:34] $filename
INFO [2022-12-05 16:32:34] NULL
INFO [2022-12-05 16:32:34] 
INFO [2022-12-05 16:32:34] $fill
INFO [2022-12-05 16:32:34] c("#fd8d3c", "#74c476")
INFO [2022-12-05 16:32:34] 
INFO [2022-12-05 16:32:34] $alpha
INFO [2022-12-05 16:32:34] [1] 0.5
INFO [2022-12-05 16:32:34] 
INFO [2022-12-05 16:32:34] $cex
INFO [2022-12-05 16:32:34] [1] 2.5
INFO [2022-12-05 16:32:34] 
INFO [2022-12-05 16:32:34] $fontfamily
INFO [2022-12-05 16:32:34] [1] "sans"
INFO [2022-12-05 16:32:34] 
INFO [2022-12-05 16:32:34] $fontface
INFO [2022-12-05 16:32:34] [1] "bold"
INFO [2022-12-05 16:32:34] 
INFO [2022-12-05 16:32:34] $cat.default.pos
INFO [2022-12-05 16:32:34] [1] "text"
INFO [2022-12-05 16:32:34] 
INFO [2022-12-05 16:32:34] $cat.col
INFO [2022-12-05 16:32:34] [1] "black"
INFO [2022-12-05 16:32:34] 
INFO [2022-12-05 16:32:34] $cat.cex
INFO [2022-12-05 16:32:34] [1] 2.5
INFO [2022-12-05 16:32:34] 
INFO [2022-12-05 16:32:34] $cat.fontfamily
INFO [2022-12-05 16:32:34] [1] "sans"
INFO [2022-12-05 16:32:34] 
INFO [2022-12-05 16:32:34] $cat.dist
INFO [2022-12-05 16:32:34] c(0.08, 0.08)
INFO [2022-12-05 16:32:34] 
INFO [2022-12-05 16:32:34] $cat.pos
INFO [2022-12-05 16:32:34] [1] 1
INFO [2022-12-05 16:32:34] 
