INFO [2022-12-05 16:27:29] $x
INFO [2022-12-05 16:27:29] all_white_host_shared
INFO [2022-12-05 16:27:29] 
INFO [2022-12-05 16:27:29] $filename
INFO [2022-12-05 16:27:29] NULL
INFO [2022-12-05 16:27:29] 
INFO [2022-12-05 16:27:29] $fill
INFO [2022-12-05 16:27:29] c("#de2d26", "#3182bd")
INFO [2022-12-05 16:27:29] 
INFO [2022-12-05 16:27:29] $alpha
INFO [2022-12-05 16:27:29] [1] 0.5
INFO [2022-12-05 16:27:29] 
INFO [2022-12-05 16:27:29] $cex
INFO [2022-12-05 16:27:29] [1] 2.5
INFO [2022-12-05 16:27:29] 
INFO [2022-12-05 16:27:29] $fontfamily
INFO [2022-12-05 16:27:29] [1] "sans"
INFO [2022-12-05 16:27:29] 
INFO [2022-12-05 16:27:29] $fontface
INFO [2022-12-05 16:27:29] [1] "bold"
INFO [2022-12-05 16:27:29] 
INFO [2022-12-05 16:27:29] $cat.default.pos
INFO [2022-12-05 16:27:29] [1] "text"
INFO [2022-12-05 16:27:29] 
INFO [2022-12-05 16:27:29] $cat.col
INFO [2022-12-05 16:27:29] [1] "black"
INFO [2022-12-05 16:27:29] 
INFO [2022-12-05 16:27:29] $cat.cex
INFO [2022-12-05 16:27:29] [1] 2.5
INFO [2022-12-05 16:27:29] 
INFO [2022-12-05 16:27:29] $cat.fontfamily
INFO [2022-12-05 16:27:29] [1] "sans"
INFO [2022-12-05 16:27:29] 
INFO [2022-12-05 16:27:29] $cat.dist
INFO [2022-12-05 16:27:29] c(0.08, 0.08)
INFO [2022-12-05 16:27:29] 
INFO [2022-12-05 16:27:29] $cat.pos
INFO [2022-12-05 16:27:29] [1] 1
INFO [2022-12-05 16:27:29] 
