INFO [2022-12-05 16:32:13] $x
INFO [2022-12-05 16:32:13] all_inhost_shared
INFO [2022-12-05 16:32:13] 
INFO [2022-12-05 16:32:13] $filename
INFO [2022-12-05 16:32:13] NULL
INFO [2022-12-05 16:32:13] 
INFO [2022-12-05 16:32:13] $fill
INFO [2022-12-05 16:32:13] c("#74c476", "#fd8d3c")
INFO [2022-12-05 16:32:13] 
INFO [2022-12-05 16:32:13] $alpha
INFO [2022-12-05 16:32:13] [1] 0.5
INFO [2022-12-05 16:32:13] 
INFO [2022-12-05 16:32:13] $cex
INFO [2022-12-05 16:32:13] [1] 2.5
INFO [2022-12-05 16:32:13] 
INFO [2022-12-05 16:32:13] $fontfamily
INFO [2022-12-05 16:32:13] [1] "sans"
INFO [2022-12-05 16:32:13] 
INFO [2022-12-05 16:32:13] $fontface
INFO [2022-12-05 16:32:13] [1] "bold"
INFO [2022-12-05 16:32:13] 
INFO [2022-12-05 16:32:13] $cat.default.pos
INFO [2022-12-05 16:32:13] [1] "text"
INFO [2022-12-05 16:32:13] 
INFO [2022-12-05 16:32:13] $cat.col
INFO [2022-12-05 16:32:13] [1] "black"
INFO [2022-12-05 16:32:13] 
INFO [2022-12-05 16:32:13] $cat.cex
INFO [2022-12-05 16:32:13] [1] 2.5
INFO [2022-12-05 16:32:13] 
INFO [2022-12-05 16:32:13] $cat.fontfamily
INFO [2022-12-05 16:32:13] [1] "sans"
INFO [2022-12-05 16:32:13] 
INFO [2022-12-05 16:32:13] $cat.dist
INFO [2022-12-05 16:32:13] c(0.08, 0.08)
INFO [2022-12-05 16:32:13] 
INFO [2022-12-05 16:32:13] $cat.pos
INFO [2022-12-05 16:32:13] [1] 1
INFO [2022-12-05 16:32:13] 
